Arguments: 
  C:\Program Files\nodejs\node.exe C:\Users\vini\AppData\Roaming\npm\node_modules\yarn\bin\yarn.js reports

PATH: 
  C:\Users\vini\.oh-my-posh;C:\Program Files (x86)\Common Files\Oracle\Java\javapath;C:\Windows\system32;C:\Windows;C:\Windows\System32\Wbem;C:\Windows\System32\WindowsPowerShell\v1.0\;C:\Windows\System32\OpenSSH\;C:\Program Files\NVIDIA Corporation\NVIDIA NvDLISR;C:\Program Files (x86)\NVIDIA Corporation\PhysX\Common;C:\Program Files\dotnet\;C:\Program Files\nodejs\;C:\Program Files\Git\cmd;C:\Program Files\Microsoft SQL Server\150\Tools\Binn\;C:\Program Files\Microsoft SQL Server\Client SDK\ODBC\170\Tools\Binn\;C:\lib\youtube-dl;C:\Program Files (x86)\OpenVPN\bin;C:\Program Files\erl-24.1.7\bin;C:\Program Files (x86)\Elixir\bin;C:\Users\vini\.mix\escripts;C:\Users\vini\AppData\Local\Programs\Python\Python310\Scripts\;C:\Users\vini\AppData\Local\Programs\Python\Python310\;C:\Users\vini\AppData\Local\Microsoft\WindowsApps;C:\Users\vini\AppData\Local\Programs\Microsoft VS Code\bin;C:\Users\vini\AppData\Roaming\npm;C:\Users\vini\.dotnet\tools;C:\Users\vini\Downloads\chromedriver.exe;C:\Program Files\heroku\bin;C:\nssm-2.24\win64;C:\Users\vini\Downloads\curl-7.82.0-win64-mingw\bin;C:\ffmpeg-n5.0\bin;C:\Program Files\PostgreSQL\14\bin

Yarn version: 
  1.22.18

Node version: 
  16.14.0

Platform: 
  win32 x64

Trace: 
  SyntaxError: C:\Users\vini\Desktop\elixir-demo\reports_generator_node\package.json: Unexpected token } in JSON at position 119
      at JSON.parse (<anonymous>)
      at C:\Users\vini\AppData\Roaming\npm\node_modules\yarn\lib\cli.js:1625:59
      at Generator.next (<anonymous>)
      at step (C:\Users\vini\AppData\Roaming\npm\node_modules\yarn\lib\cli.js:310:30)
      at C:\Users\vini\AppData\Roaming\npm\node_modules\yarn\lib\cli.js:321:13

npm manifest: 
  {
    "name": "node-reports",
    "version": "1.0.0",
    "main": "index.js",
    "license": "MIT",
    "bin": {
      "reports"
    },
    "devDependencies": {
      "@types/node": "^17.0.41"
    },
    "dependencies": {}
  }

yarn manifest: 
  No manifest

Lockfile: 
  # THIS IS AN AUTOGENERATED FILE. DO NOT EDIT THIS FILE DIRECTLY.
  # yarn lockfile v1
  
  
  "@types/node@^17.0.41":
    version "17.0.41"
    resolved "https://registry.yarnpkg.com/@types/node/-/node-17.0.41.tgz#1607b2fd3da014ae5d4d1b31bc792a39348dfb9b"
    integrity sha512-xA6drNNeqb5YyV5fO3OAEsnXLfO7uF0whiOfPTz5AeDo8KeZFmODKnvwPymMNO8qE/an8pVY/O50tig2SQCrGw==
